  main.cpp
C:\Users\mryamz\Documents\GitHub\traveling ga\Traveling-Salesman-Genetic-Implementation\Genetic Algoritm Salesman Problem\City.h(30,15): warning C4244: 'argument': conversion from 'time_t' to 'unsigned int', possible loss of data
C:\Users\mryamz\Documents\GitHub\traveling ga\Traveling-Salesman-Genetic-Implementation\Genetic Algoritm Salesman Problem\Tour.h(76,35): warning C4244: '+=': conversion from 'double' to 'float', possible loss of data
C:\Users\mryamz\Documents\GitHub\traveling ga\Traveling-Salesman-Genetic-Implementation\Genetic Algoritm Salesman Problem\GeneticAlgorithm.h(86,12): warning C4244: 'initializing': conversion from 'float' to 'int', possible loss of data
C:\Users\mryamz\Documents\GitHub\traveling ga\Traveling-Salesman-Genetic-Implementation\Genetic Algoritm Salesman Problem\GeneticAlgorithm.h(87,10): warning C4244: 'initializing': conversion from 'float' to 'int', possible loss of data
C:\Users\mryamz\Documents\GitHub\traveling ga\Traveling-Salesman-Genetic-Implementation\Genetic Algoritm Salesman Problem\GeneticAlgorithm.h(118,10): warning C4244: 'initializing': conversion from 'float' to 'int', possible loss of data
C:\Users\mryamz\Documents\GitHub\traveling ga\Traveling-Salesman-Genetic-Implementation\Genetic Algoritm Salesman Problem\main.cpp(50,57): warning C4244: 'argument': conversion from 'float' to 'int', possible loss of data
C:\Users\mryamz\Documents\GitHub\traveling ga\Traveling-Salesman-Genetic-Implementation\Genetic Algoritm Salesman Problem\main.cpp(50,41): warning C4244: 'argument': conversion from 'float' to 'int', possible loss of data
C:\Users\mryamz\Documents\GitHub\traveling ga\Traveling-Salesman-Genetic-Implementation\Genetic Algoritm Salesman Problem\main.cpp(53,57): warning C4244: 'argument': conversion from 'float' to 'int', possible loss of data
C:\Users\mryamz\Documents\GitHub\traveling ga\Traveling-Salesman-Genetic-Implementation\Genetic Algoritm Salesman Problem\main.cpp(53,41): warning C4244: 'argument': conversion from 'float' to 'int', possible loss of data
C:\Users\mryamz\Documents\GitHub\traveling ga\Traveling-Salesman-Genetic-Implementation\Genetic Algoritm Salesman Problem\main.cpp(56,57): warning C4244: 'argument': conversion from 'float' to 'int', possible loss of data
C:\Users\mryamz\Documents\GitHub\traveling ga\Traveling-Salesman-Genetic-Implementation\Genetic Algoritm Salesman Problem\main.cpp(56,41): warning C4244: 'argument': conversion from 'float' to 'int', possible loss of data
C:\Users\mryamz\Documents\GitHub\traveling ga\Traveling-Salesman-Genetic-Implementation\Genetic Algoritm Salesman Problem\main.cpp(59,57): warning C4244: 'argument': conversion from 'float' to 'int', possible loss of data
C:\Users\mryamz\Documents\GitHub\traveling ga\Traveling-Salesman-Genetic-Implementation\Genetic Algoritm Salesman Problem\main.cpp(59,41): warning C4244: 'argument': conversion from 'float' to 'int', possible loss of data
C:\Users\mryamz\Documents\GitHub\traveling ga\Traveling-Salesman-Genetic-Implementation\Genetic Algoritm Salesman Problem\main.cpp(62,57): warning C4244: 'argument': conversion from 'float' to 'int', possible loss of data
C:\Users\mryamz\Documents\GitHub\traveling ga\Traveling-Salesman-Genetic-Implementation\Genetic Algoritm Salesman Problem\main.cpp(62,41): warning C4244: 'argument': conversion from 'float' to 'int', possible loss of data
C:\Users\mryamz\Documents\GitHub\traveling ga\Traveling-Salesman-Genetic-Implementation\Genetic Algoritm Salesman Problem\Population.h(57): warning C4172: returning address of local variable or temporary: mostfit
C:\Users\mryamz\Documents\GitHub\traveling ga\Traveling-Salesman-Genetic-Implementation\Genetic Algoritm Salesman Problem\GeneticAlgorithm.h(78): warning C4172: returning address of local variable or temporary: next_generation
main.obj : error LNK2019: unresolved external symbol "public: void __thiscall Tour::setCity(int,class City &)" (?setCity@Tour@@QAEXHAAVCity@@@Z) referenced in function "public: void __thiscall Tour::constuctRandomChromosone(void)" (?constuctRandomChromosone@Tour@@QAEXXZ)
C:\Users\mryamz\Documents\GitHub\traveling ga\Traveling-Salesman-Genetic-Implementation\Genetic Algoritm Salesman Problem\Debug\Genetic Algoritm Salesman Problem.exe : fatal error LNK1120: 1 unresolved externals
